# JRE version: OpenJDK Runtime Environment (8.0_112-b06) (build 1.8.0_112-release-b06)
# Java VM: OpenJDK 64-Bit Server VM (25.112-b06 mixed mode linux-amd64 compressed oops)
Heap:
 PSYoungGen      total 906240K, used 0K [0x000000076ab00000, 0x00000007c0000000, 0x00000007c0000000)
  eden space 668672K, 0% used [0x000000076ab00000,0x000000076ab00000,0x0000000793800000)
  from space 237568K, 0% used [0x0000000793800000,0x0000000793800000,0x00000007a2000000)
  to   space 379904K, 0% used [0x00000007a8d00000,0x00000007a8d00000,0x00000007c0000000)
 ParOldGen       total 1038336K, used 888028K [0x00000006c0000000, 0x00000006ff600000, 0x000000076ab00000)
  object space 1038336K, 85% used [0x00000006c0000000,0x00000006f63371e0,0x00000006ff600000)
 Metaspace       used 6788K, capacity 7600K, committed 7808K, reserved 1056768K
  class space    used 604K, capacity 616K, committed 640K, reserved 1048576K
GC Heap History (10 events):
Event: 29.345 GC heap after
Heap after GC invocations=20 (full 4):
 PSYoungGen      total 1102848K, used 174857K [0x000000076ab00000, 0x00000007c0000000, 0x00000007c0000000)
  eden space 832512K, 0% used [0x000000076ab00000,0x000000076ab00000,0x000000079d800000)
  from space 270336K, 64% used [0x00000007af800000,0x00000007ba2c2778,0x00000007c0000000)
  to   space 282624K, 0% used [0x000000079d800000,0x000000079d800000,0x00000007aec00000)
 ParOldGen       total 695808K, used 695781K [0x00000006c0000000, 0x00000006ea780000, 0x000000076ab00000)
  object space 695808K, 99% used [0x00000006c0000000,0x00000006ea779628,0x00000006ea780000)
 Metaspace       used 6416K, capacity 7280K, committed 7552K, reserved 1056768K
  class space    used 585K, capacity 616K, committed 640K, reserved 1048576K
}
Event: 29.345 GC heap before
{Heap before GC invocations=21 (full 5):
 PSYoungGen      total 1102848K, used 174857K [0x000000076ab00000, 0x00000007c0000000, 0x00000007c0000000)
  eden space 832512K, 0% used [0x000000076ab00000,0x000000076ab00000,0x000000079d800000)
  from space 270336K, 64% used [0x00000007af800000,0x00000007ba2c2778,0x00000007c0000000)
  to   space 282624K, 0% used [0x000000079d800000,0x000000079d800000,0x00000007aec00000)
 ParOldGen       total 695808K, used 695781K [0x00000006c0000000, 0x00000006ea780000, 0x000000076ab00000)
  object space 695808K, 99% used [0x00000006c0000000,0x00000006ea779628,0x00000006ea780000)
 Metaspace       used 6416K, capacity 7280K, committed 7552K, reserved 1056768K
  class space    used 585K, capacity 616K, committed 640K, reserved 1048576K
Event: 31.350 GC heap after
Heap after GC invocations=21 (full 5):
 PSYoungGen      total 1102848K, used 86825K [0x000000076ab00000, 0x00000007c0000000, 0x00000007c0000000)
  eden space 832512K, 0% used [0x000000076ab00000,0x000000076ab00000,0x000000079d800000)
  from space 270336K, 32% used [0x00000007af800000,0x00000007b4cca510,0x00000007c0000000)
  to   space 282624K, 0% used [0x000000079d800000,0x000000079d800000,0x00000007aec00000)
 ParOldGen       total 1038336K, used 695752K [0x00000006c0000000, 0x00000006ff600000, 0x000000076ab00000)
  object space 1038336K, 67% used [0x00000006c0000000,0x00000006ea772150,0x00000006ff600000)
 Metaspace       used 6416K, capacity 7280K, committed 7552K, reserved 1056768K
  class space    used 585K, capacity 616K, committed 640K, reserved 1048576K
}
Event: 33.920 GC heap before
{Heap before GC invocations=22 (full 5):
 PSYoungGen      total 1102848K, used 919337K [0x000000076ab00000, 0x00000007c0000000, 0x00000007c0000000)
  eden space 832512K, 100% used [0x000000076ab00000,0x000000079d800000,0x000000079d800000)
  from space 270336K, 32% used [0x00000007af800000,0x00000007b4cca510,0x00000007c0000000)
  to   space 282624K, 0% used [0x000000079d800000,0x000000079d800000,0x00000007aec00000)
 ParOldGen       total 1038336K, used 695752K [0x00000006c0000000, 0x00000006ff600000, 0x000000076ab00000)
  object space 1038336K, 67% used [0x00000006c0000000,0x00000006ea772150,0x00000006ff600000)
 Metaspace       used 6420K, capacity 7280K, committed 7552K, reserved 1056768K
  class space    used 585K, capacity 616K, committed 640K, reserved 1048576K
Event: 34.189 GC heap after
Heap after GC invocations=22 (full 5):
 PSYoungGen      total 1038336K, used 205447K [0x000000076ab00000, 0x00000007c0000000, 0x00000007c0000000)
  eden space 832512K, 0% used [0x000000076ab00000,0x000000076ab00000,0x000000079d800000)
  from space 205824K, 99% used [0x000000079d800000,0x00000007aa0a1ea8,0x00000007aa100000)
  to   space 302592K, 0% used [0x00000007ad880000,0x00000007ad880000,0x00000007c0000000)
 ParOldGen       total 1038336K, used 695752K [0x00000006c0000000, 0x00000006ff600000, 0x000000076ab00000)
  object space 1038336K, 67% used [0x00000006c0000000,0x00000006ea772150,0x00000006ff600000)
 Metaspace       used 6420K, capacity 7280K, committed 7552K, reserved 1056768K
  class space    used 585K, capacity 616K, committed 640K, reserved 1048576K
}
Event: 36.319 GC heap before
{Heap before GC invocations=23 (full 5):
 PSYoungGen      total 1038336K, used 1037959K [0x000000076ab00000, 0x00000007c0000000, 0x00000007c0000000)
  eden space 832512K, 100% used [0x000000076ab00000,0x000000079d800000,0x000000079d800000)
  from space 205824K, 99% used [0x000000079d800000,0x00000007aa0a1ea8,0x00000007aa100000)
  to   space 302592K, 0% used [0x00000007ad880000,0x00000007ad880000,0x00000007c0000000)
 ParOldGen       total 1038336K, used 695752K [0x00000006c0000000, 0x00000006ff600000, 0x000000076ab00000)
  object space 1038336K, 67% used [0x00000006c0000000,0x00000006ea772150,0x00000006ff600000)
 Metaspace       used 6531K, capacity 7344K, committed 7552K, reserved 1056768K
  class space    used 591K, capacity 616K, committed 640K, reserved 1048576K
Event: 38.265 GC heap after
Heap after GC invocations=23 (full 5):
 PSYoungGen      total 971264K, used 302569K [0x000000076ab00000, 0x00000007c0000000, 0x00000007c0000000)
  eden space 668672K, 0% used [0x000000076ab00000,0x000000076ab00000,0x0000000793800000)
  from space 302592K, 99% used [0x00000007ad880000,0x00000007bfffa408,0x00000007c0000000)
  to   space 364544K, 0% used [0x0000000793800000,0x0000000793800000,0x00000007a9c00000)
 ParOldGen       total 1038336K, used 724544K [0x00000006c0000000, 0x00000006ff600000, 0x000000076ab00000)
  object space 1038336K, 69% used [0x00000006c0000000,0x00000006ec390368,0x00000006ff600000)
 Metaspace       used 6531K, capacity 7344K, committed 7552K, reserved 1056768K
  class space    used 591K, capacity 616K, committed 640K, reserved 1048576K
}
Event: 41.000 GC heap before
{Heap before GC invocations=24 (full 5):
 PSYoungGen      total 971264K, used 971241K [0x000000076ab00000, 0x00000007c0000000, 0x00000007c0000000)
  eden space 668672K, 100% used [0x000000076ab00000,0x0000000793800000,0x0000000793800000)
  from space 302592K, 99% used [0x00000007ad880000,0x00000007bfffa408,0x00000007c0000000)
  to   space 364544K, 0% used [0x0000000793800000,0x0000000793800000,0x00000007a9c00000)
 ParOldGen       total 1038336K, used 724544K [0x00000006c0000000, 0x00000006ff600000, 0x000000076ab00000)
  object space 1038336K, 69% used [0x00000006c0000000,0x00000006ec390368,0x00000006ff600000)
 Metaspace       used 6788K, capacity 7600K, committed 7808K, reserved 1056768K
  class space    used 604K, capacity 616K, committed 640K, reserved 1048576K
Event: 42.864 GC heap after
Heap after GC invocations=24 (full 5):
 PSYoungGen      total 906240K, used 237527K [0x000000076ab00000, 0x00000007c0000000, 0x00000007c0000000)
  eden space 668672K, 0% used [0x000000076ab00000,0x000000076ab00000,0x0000000793800000)
  from space 237568K, 99% used [0x0000000793800000,0x00000007a1ff5ed0,0x00000007a2000000)
  to   space 379904K, 0% used [0x00000007a8d00000,0x00000007a8d00000,0x00000007c0000000)
 ParOldGen       total 1038336K, used 917361K [0x00000006c0000000, 0x00000006ff600000, 0x000000076ab00000)
  object space 1038336K, 88% used [0x00000006c0000000,0x00000006f7fdc4f8,0x00000006ff600000)
 Metaspace       used 6788K, capacity 7600K, committed 7808K, reserved 1056768K
  class space    used 604K, capacity 616K, committed 640K, reserved 1048576K
}
Event: 43.017 GC heap before
{Heap before GC invocations=25 (full 6):
 PSYoungGen      total 906240K, used 237527K [0x000000076ab00000, 0x00000007c0000000, 0x00000007c0000000)
  eden space 668672K, 0% used [0x000000076ab00000,0x000000076ab00000,0x0000000793800000)
  from space 237568K, 99% used [0x0000000793800000,0x00000007a1ff5ed0,0x00000007a2000000)
  to   space 379904K, 0% used [0x00000007a8d00000,0x00000007a8d00000,0x00000007c0000000)
 ParOldGen       total 1038336K, used 917361K [0x00000006c0000000, 0x00000006ff600000, 0x000000076ab00000)
  object space 1038336K, 88% used [0x00000006c0000000,0x00000006f7fdc4f8,0x00000006ff600000)
 Metaspace       used 6788K, capacity 7600K, committed 7808K, reserved 1056768K
  class space    used 604K, capacity 616K, committed 640K, reserved 1048576K

