# JRE version: OpenJDK Runtime Environment (8.0_112-b06) (build 1.8.0_112-release-b06)
# Java VM: OpenJDK 64-Bit Server VM (25.112-b06 mixed mode linux-amd64 compressed oops)
Heap:
 PSYoungGen      total 572928K, used 64152K [0x000000076ab00000, 0x000000079b600000, 0x00000007c0000000)
  eden space 457216K, 0% used [0x000000076ab00000,0x000000076ab00000,0x0000000786980000)
  from space 115712K, 55% used [0x0000000786980000,0x000000078a8260f0,0x000000078da80000)
  to   space 119808K, 0% used [0x0000000794100000,0x0000000794100000,0x000000079b600000)
 ParOldGen       total 311808K, used 311420K [0x00000006c0000000, 0x00000006d3080000, 0x000000076ab00000)
  object space 311808K, 99% used [0x00000006c0000000,0x00000006d301f210,0x00000006d3080000)
 Metaspace       used 6407K, capacity 7280K, committed 7552K, reserved 1056768K
  class space    used 585K, capacity 616K, committed 640K, reserved 1048576K
GC Heap History (10 events):
Event: 7.064 GC heap after
Heap after GC invocations=13 (full 1):
 PSYoungGen      total 475136K, used 64486K [0x000000076ab00000, 0x0000000790200000, 0x00000007c0000000)
  eden space 410624K, 0% used [0x000000076ab00000,0x000000076ab00000,0x0000000783c00000)
  from space 64512K, 99% used [0x0000000788d00000,0x000000078cbf9bc8,0x000000078cc00000)
  to   space 82944K, 0% used [0x0000000783c00000,0x0000000783c00000,0x0000000788d00000)
 ParOldGen       total 162816K, used 133648K [0x00000006c0000000, 0x00000006c9f00000, 0x000000076ab00000)
  object space 162816K, 82% used [0x00000006c0000000,0x00000006c8284100,0x00000006c9f00000)
 Metaspace       used 6376K, capacity 7280K, committed 7552K, reserved 1056768K
  class space    used 583K, capacity 616K, committed 640K, reserved 1048576K
}
Event: 7.064 GC heap before
{Heap before GC invocations=14 (full 2):
 PSYoungGen      total 475136K, used 64486K [0x000000076ab00000, 0x0000000790200000, 0x00000007c0000000)
  eden space 410624K, 0% used [0x000000076ab00000,0x000000076ab00000,0x0000000783c00000)
  from space 64512K, 99% used [0x0000000788d00000,0x000000078cbf9bc8,0x000000078cc00000)
  to   space 82944K, 0% used [0x0000000783c00000,0x0000000783c00000,0x0000000788d00000)
 ParOldGen       total 162816K, used 133648K [0x00000006c0000000, 0x00000006c9f00000, 0x000000076ab00000)
  object space 162816K, 82% used [0x00000006c0000000,0x00000006c8284100,0x00000006c9f00000)
 Metaspace       used 6376K, capacity 7280K, committed 7552K, reserved 1056768K
  class space    used 583K, capacity 616K, committed 640K, reserved 1048576K
Event: 7.942 GC heap after
Heap after GC invocations=14 (full 2):
 PSYoungGen      total 475136K, used 27518K [0x000000076ab00000, 0x0000000790200000, 0x00000007c0000000)
  eden space 410624K, 0% used [0x000000076ab00000,0x000000076ab00000,0x0000000783c00000)
  from space 64512K, 42% used [0x0000000788d00000,0x000000078a7dfa88,0x000000078cc00000)
  to   space 82944K, 0% used [0x0000000783c00000,0x0000000783c00000,0x0000000788d00000)
 ParOldGen       total 285184K, used 162516K [0x00000006c0000000, 0x00000006d1680000, 0x000000076ab00000)
  object space 285184K, 56% used [0x00000006c0000000,0x00000006c9eb5300,0x00000006d1680000)
 Metaspace       used 6376K, capacity 7280K, committed 7552K, reserved 1056768K
  class space    used 583K, capacity 616K, committed 640K, reserved 1048576K
}
Event: 9.474 GC heap before
{Heap before GC invocations=15 (full 2):
 PSYoungGen      total 475136K, used 438142K [0x000000076ab00000, 0x0000000790200000, 0x00000007c0000000)
  eden space 410624K, 100% used [0x000000076ab00000,0x0000000783c00000,0x0000000783c00000)
  from space 64512K, 42% used [0x0000000788d00000,0x000000078a7dfa88,0x000000078cc00000)
  to   space 82944K, 0% used [0x0000000783c00000,0x0000000783c00000,0x0000000788d00000)
 ParOldGen       total 285184K, used 162516K [0x00000006c0000000, 0x00000006d1680000, 0x000000076ab00000)
  object space 285184K, 56% used [0x00000006c0000000,0x00000006c9eb5300,0x00000006d1680000)
 Metaspace       used 6384K, capacity 7280K, committed 7552K, reserved 1056768K
  class space    used 583K, capacity 616K, committed 640K, reserved 1048576K
Event: 9.659 GC heap after
Heap after GC invocations=15 (full 2):
 PSYoungGen      total 493568K, used 58945K [0x000000076ab00000, 0x0000000793100000, 0x00000007c0000000)
  eden space 410624K, 0% used [0x000000076ab00000,0x000000076ab00000,0x0000000783c00000)
  from space 82944K, 71% used [0x0000000783c00000,0x0000000787590578,0x0000000788d00000)
  to   space 88576K, 0% used [0x000000078da80000,0x000000078da80000,0x0000000793100000)
 ParOldGen       total 285184K, used 190254K [0x00000006c0000000, 0x00000006d1680000, 0x000000076ab00000)
  object space 285184K, 66% used [0x00000006c0000000,0x00000006cb9cb880,0x00000006d1680000)
 Metaspace       used 6384K, capacity 7280K, committed 7552K, reserved 1056768K
  class space    used 583K, capacity 616K, committed 640K, reserved 1048576K
}
Event: 11.380 GC heap before
{Heap before GC invocations=16 (full 2):
 PSYoungGen      total 493568K, used 469569K [0x000000076ab00000, 0x0000000793100000, 0x00000007c0000000)
  eden space 410624K, 100% used [0x000000076ab00000,0x0000000783c00000,0x0000000783c00000)
  from space 82944K, 71% used [0x0000000783c00000,0x0000000787590578,0x0000000788d00000)
  to   space 88576K, 0% used [0x000000078da80000,0x000000078da80000,0x0000000793100000)
 ParOldGen       total 285184K, used 190254K [0x00000006c0000000, 0x00000006d1680000, 0x000000076ab00000)
  object space 285184K, 66% used [0x00000006c0000000,0x00000006cb9cb880,0x00000006d1680000)
 Metaspace       used 6401K, capacity 7280K, committed 7552K, reserved 1056768K
  class space    used 584K, capacity 616K, committed 640K, reserved 1048576K
Event: 12.618 GC heap after
Heap after GC invocations=16 (full 2):
 PSYoungGen      total 545792K, used 88548K [0x000000076ab00000, 0x0000000798480000, 0x00000007c0000000)
  eden space 457216K, 0% used [0x000000076ab00000,0x000000076ab00000,0x0000000786980000)
  from space 88576K, 99% used [0x000000078da80000,0x00000007930f92c0,0x0000000793100000)
  to   space 115712K, 0% used [0x0000000786980000,0x0000000786980000,0x000000078da80000)
 ParOldGen       total 285184K, used 222718K [0x00000006c0000000, 0x00000006d1680000, 0x000000076ab00000)
  object space 285184K, 78% used [0x00000006c0000000,0x00000006cd97f940,0x00000006d1680000)
 Metaspace       used 6401K, capacity 7280K, committed 7552K, reserved 1056768K
  class space    used 584K, capacity 616K, committed 640K, reserved 1048576K
}
Event: 20.091 GC heap before
{Heap before GC invocations=17 (full 2):
 PSYoungGen      total 545792K, used 545764K [0x000000076ab00000, 0x0000000798480000, 0x00000007c0000000)
  eden space 457216K, 100% used [0x000000076ab00000,0x0000000786980000,0x0000000786980000)
  from space 88576K, 99% used [0x000000078da80000,0x00000007930f92c0,0x0000000793100000)
  to   space 115712K, 0% used [0x0000000786980000,0x0000000786980000,0x000000078da80000)
 ParOldGen       total 285184K, used 222718K [0x00000006c0000000, 0x00000006d1680000, 0x000000076ab00000)
  object space 285184K, 78% used [0x00000006c0000000,0x00000006cd97f940,0x00000006d1680000)
 Metaspace       used 6407K, capacity 7280K, committed 7552K, reserved 1056768K
  class space    used 585K, capacity 616K, committed 640K, reserved 1048576K
Event: 20.280 GC heap after
Heap after GC invocations=17 (full 2):
 PSYoungGen      total 572928K, used 72753K [0x000000076ab00000, 0x000000079b600000, 0x00000007c0000000)
  eden space 457216K, 0% used [0x000000076ab00000,0x000000076ab00000,0x0000000786980000)
  from space 115712K, 62% used [0x0000000786980000,0x000000078b08c678,0x000000078da80000)
  to   space 119808K, 0% used [0x0000000794100000,0x0000000794100000,0x000000079b600000)
 ParOldGen       total 311808K, used 311692K [0x00000006c0000000, 0x00000006d3080000, 0x000000076ab00000)
  object space 311808K, 99% used [0x00000006c0000000,0x00000006d30632e8,0x00000006d3080000)
 Metaspace       used 6407K, capacity 7280K, committed 7552K, reserved 1056768K
  class space    used 585K, capacity 616K, committed 640K, reserved 1048576K
}
Event: 20.280 GC heap before
{Heap before GC invocations=18 (full 3):
 PSYoungGen      total 572928K, used 72753K [0x000000076ab00000, 0x000000079b600000, 0x00000007c0000000)
  eden space 457216K, 0% used [0x000000076ab00000,0x000000076ab00000,0x0000000786980000)
  from space 115712K, 62% used [0x0000000786980000,0x000000078b08c678,0x000000078da80000)
  to   space 119808K, 0% used [0x0000000794100000,0x0000000794100000,0x000000079b600000)
 ParOldGen       total 311808K, used 311692K [0x00000006c0000000, 0x00000006d3080000, 0x000000076ab00000)
  object space 311808K, 99% used [0x00000006c0000000,0x00000006d30632e8,0x00000006d3080000)
 Metaspace       used 6407K, capacity 7280K, committed 7552K, reserved 1056768K
  class space    used 585K, capacity 616K, committed 640K, reserved 1048576K

